Array
(
)

Array
(
)
Array
(
)

Array
(
)
Array
(
)

Array
(
)
Array
(
)

Array
(
)
Array
(
)

Array
(
)
Array
(
)

Array
(
)
Array
(
)

Array
(
)
Array
(
)

Array
(
)
Array
(
)

Array
(
)
Array
(
)

Array
(
)
Array
(
)

Array
(
)
Array
(
)

Array
(
)
Array
(
)

Array
(
)
Array
(
)

Array
(
)
Array
(
)

Array
(
)
Array
(
)

Array
(
)
Array
(
)

Array
(
)
Array
(
)

Array
(
)
Array
(
)

Array
(
)
Array
(
)

Array
(
)
Array
(
)

Array
(
)
Array
(
)

Array
(
)
Array
(
)

Array
(
)
Array
(
)

Array
(
)
Array
(
)

Array
(
)
Array
(
)

Array
(
)
Array
(
)

Array
(
)
Array
(
)

Array
(
)
Array
(
)

Array
(
)
Array
(
)

Array
(
)
Array
(
)

Array
(
)
Array
(
)

Array
(
)
Array
(
)

Array
(
)
Array
(
)

Array
(
)
Array
(
)

Array
(
)
Array
(
    [name] => Iphone 7+
    [hargabeli] => Rp 110.000
    [stock] => 1
    [kategori] => LCD
    [merk] => Apple
)

Array
(
)
Array
(
)

Array
(
)
Array
(
)

Array
(
)
Array
(
)

Array
(
)
Array
(
)

Array
(
)
Array
(
)

Array
(
)
Array
(
)

Array
(
)
Array
(
)

Array
(
)
Array
(
)

Array
(
)
Array
(
)

Array
(
)
Array
(
)

Array
(
)
Array
(
)

Array
(
)
Array
(
)

Array
(
)
Array
(
)

Array
(
)
Array
(
)

Array
(
)
Array
(
)

Array
(
)
Array
(
)

Array
(
)
Array
(
)

Array
(
)
Array
(
)

Array
(
)
Array
(
)

Array
(
)
